<?xml version="1.0" encoding="UTF-8"?>
<testsuite name="com.cars.repository.VehiculesRepositoryTest" time="0.211" tests="5" errors="4" skipped="0" failures="0">
  <properties>
[...]
</properties>
  <testcase name="delete" classname="com.cars.repository.VehiculesRepositoryTest" time="0.076">
    <error message="org.hibernate.PersistentObjectException: detached entity passed to persist: com.cars.model.Vehicles" type="javax.persistence.PersistenceException">javax.persistence.PersistenceException: org.hibernate.PersistentObjectException: detached entity passed to persist: com.cars.model.Vehicles
	at org.hibernate.event.internal.DefaultPersistEventListener.onPersist(DefaultPersistEventListener.java:124)
	at org.hibernate.event.internal.DefaultPersistEventListener.onPersist(DefaultPersistEventListener.java:58)
	at org.hibernate.internal.SessionImpl.firePersist(SessionImpl.java:775)
	at org.hibernate.internal.SessionImpl.persist(SessionImpl.java:748)
	at org.hibernate.internal.SessionImpl.persist(SessionImpl.java:753)
	at org.hibernate.jpa.spi.AbstractEntityManagerImpl.persist(AbstractEntityManagerImpl.java:1146)
	at org.springframework.boot.test.autoconfigure.orm.jpa.TestEntityManager.persist(TestEntityManager.java:93)
	at com.cars.repository.VehiculesRepositoryTest.delete(VehiculesRepositoryTest.java:48)
</error>
    <system-out><![CDATA[2018-09-18 21:49:12.762  INFO 3260 --- [           main] .b.t.c.SpringBootTestContextBootstrapper : Neither @ContextConfiguration nor @ContextHierarchy found for test class [com.cars.repository.VehiculesRepositoryTest], using SpringBootContextLoader
2018-09-18 21:49:12.763  INFO 3260 --- [           main] o.s.t.c.support.AbstractContextLoader    : Could not detect default resource locations for test class [com.cars.repository.VehiculesRepositoryTest]: no resource found for suffixes {-context.xml, Context.groovy}.
2018-09-18 21:49:12.763  INFO 3260 --- [           main] t.c.s.AnnotationConfigContextLoaderUtils : Could not detect default configuration classes for test class [com.cars.repository.VehiculesRepositoryTest]: VehiculesRepositoryTest does not declare any static, non-private, non-final, nested classes annotated with @Configuration.
2018-09-18 21:49:12.792  INFO 3260 --- [           main] .b.t.c.SpringBootTestContextBootstrapper : Found @SpringBootConfiguration com.cars.MyApplication for test class com.cars.repository.VehiculesRepositoryTest
2018-09-18 21:49:12.801  INFO 3260 --- [           main] .b.t.c.SpringBootTestContextBootstrapper : Loaded default TestExecutionListener class names from location [META-INF/spring.factories]: [org.springframework.boot.test.mock.mockito.MockitoTestExecutionListener, org.springframework.boot.test.mock.mockito.ResetMocksTestExecutionListener, org.springframework.boot.test.autoconfigure.restdocs.RestDocsTestExecutionListener, org.springframework.boot.test.autoconfigure.web.client.MockRestServiceServerResetTestExecutionListener, org.springframework.boot.test.autoconfigure.web.servlet.MockMvcPrintOnlyOnFailureTestExecutionListener, org.springframework.boot.test.autoconfigure.web.servlet.WebDriverTestExecutionListener, org.springframework.test.context.web.ServletTestExecutionListener, org.springframework.test.context.support.DirtiesContextBeforeModesTestExecutionListener, org.springframework.test.context.support.DependencyInjectionTestExecutionListener, org.springframework.test.context.support.DirtiesContextTestExecutionListener, org.springframework.test.context.transaction.TransactionalTestExecutionListener, org.springframework.test.context.jdbc.SqlScriptsTestExecutionListener]
2018-09-18 21:49:12.805  INFO 3260 --- [           main] .b.t.c.SpringBootTestContextBootstrapper : Using TestExecutionListeners: [org.springframework.test.context.web.ServletTestExecutionListener@c67a89, org.springframework.test.context.support.DirtiesContextBeforeModesTestExecutionListener@1e3a2177, org.springframework.boot.test.autoconfigure.SpringBootDependencyInjectionTestExecutionListener@58720eb9, org.springframework.test.context.support.DirtiesContextTestExecutionListener@24749ad3, org.springframework.test.context.transaction.TransactionalTestExecutionListener@1755aee6, org.springframework.test.context.jdbc.SqlScriptsTestExecutionListener@582b14e2, org.springframework.boot.test.mock.mockito.MockitoTestExecutionListener@10e4ce98, org.springframework.boot.test.mock.mockito.ResetMocksTestExecutionListener@10466c55, org.springframework.boot.test.autoconfigure.restdocs.RestDocsTestExecutionListener@2a5ed225, org.springframework.boot.test.autoconfigure.web.client.MockRestServiceServerResetTestExecutionListener@2a525f88, org.springframework.boot.test.autoconfigure.web.servlet.MockMvcPrintOnlyOnFailureTestExecutionListener@1cf4d454, org.springframework.boot.test.autoconfigure.web.servlet.WebDriverTestExecutionListener@3ff3275b]

  .   ____          _            __ _ _
 /\\ / ___'_ __ _ _(_)_ __  __ _ \ \ \ \
( ( )\___ | '_ | '_| | '_ \/ _` | \ \ \ \
 \\/  ___)| |_)| | | | | || (_| |  ) ) ) )
  '  |____| .__|_| |_|_| |_\__, | / / / /
 =========|_|==============|___/=/_/_/_/
 :: Spring Boot ::       (v1.5.10.RELEASE)

2018-09-18 21:49:12.881  INFO 3260 --- [           main] c.c.repository.VehiculesRepositoryTest   : Starting VehiculesRepositoryTest on DESKTOP-80TJV7G with PID 3260 (started by PC-BELGO in C:\Users\PC-BELGO\eclipse-workspace\CarsRent)
2018-09-18 21:49:12.881  INFO 3260 --- [           main] c.c.repository.VehiculesRepositoryTest   : No active profile set, falling back to default profiles: default
2018-09-18 21:49:12.884  INFO 3260 --- [           main] s.c.a.AnnotationConfigApplicationContext : Refreshing org.springframework.context.annotation.AnnotationConfigApplicationContext@285ac40b: startup date [Tue Sep 18 21:49:12 CEST 2018]; root of context hierarchy
2018-09-18 21:49:13.239  INFO 3260 --- [           main] beddedDataSourceBeanFactoryPostProcessor : Replacing 'dataSource' DataSource bean with embedded version
2018-09-18 21:49:13.240  INFO 3260 --- [           main] o.s.b.f.s.DefaultListableBeanFactory     : Overriding bean definition for bean 'dataSource' with a different definition: replacing [Root bean: class [null]; scope=; abstract=false; lazyInit=false; autowireMode=3; dependencyCheck=0; autowireCandidate=true; primary=false; factoryBeanName=org.springframework.boot.autoconfigure.jdbc.DataSourceConfiguration$Tomcat; factoryMethodName=dataSource; initMethodName=null; destroyMethodName=(inferred); defined in class path resource [org/springframework/boot/autoconfigure/jdbc/DataSourceConfiguration$Tomcat.class]] with [Root bean: class [org.springframework.boot.test.autoconfigure.jdbc.TestDatabaseAutoConfiguration$EmbeddedDataSourceFactoryBean]; scope=; abstract=false; lazyInit=false; autowireMode=0; dependencyCheck=0; autowireCandidate=true; primary=false; factoryBeanName=null; factoryMethodName=null; initMethodName=null; destroyMethodName=null]
2018-09-18 21:49:13.326  INFO 3260 --- [           main] o.s.j.d.e.EmbeddedDatabaseFactory        : Starting embedded database: url='jdbc:h2:mem:41cbe316-f75c-401d-b292-f1f55af0970d;DB_CLOSE_DELAY=-1;DB_CLOSE_ON_EXIT=false', username='sa'
2018-09-18 21:49:13.481  INFO 3260 --- [           main] j.LocalContainerEntityManagerFactoryBean : Building JPA container EntityManagerFactory for persistence unit 'default'
2018-09-18 21:49:13.482  INFO 3260 --- [           main] o.hibernate.jpa.internal.util.LogHelper  : HHH000204: Processing PersistenceUnitInfo [
	name: default
	...]
2018-09-18 21:49:13.498  INFO 3260 --- [           main] org.hibernate.dialect.Dialect            : HHH000400: Using dialect: org.hibernate.dialect.H2Dialect
2018-09-18 21:49:13.549  WARN 3260 --- [           main] org.hibernate.orm.deprecation            : HHH90000014: Found use of deprecated [org.hibernate.id.SequenceHiLoGenerator] sequence-based id generator; use org.hibernate.id.enhanced.SequenceStyleGenerator instead.  See Hibernate Domain Model Mapping Guide for details.
2018-09-18 21:49:13.550  WARN 3260 --- [           main] org.hibernate.orm.deprecation            : HHH90000014: Found use of deprecated [org.hibernate.id.SequenceHiLoGenerator] sequence-based id generator; use org.hibernate.id.enhanced.SequenceStyleGenerator instead.  See Hibernate Domain Model Mapping Guide for details.
2018-09-18 21:49:13.762  INFO 3260 --- [           main] org.hibernate.tool.hbm2ddl.SchemaExport  : HHH000227: Running hbm2ddl schema export
Hibernate: drop table actualite if exists
Hibernate: drop table booking if exists
Hibernate: drop table brand if exists
Hibernate: drop table cust_book if exists
Hibernate: drop table custumer if exists
Hibernate: drop table gadget if exists
Hibernate: drop table images_tbl if exists
Hibernate: drop table insurance if exists
Hibernate: drop table menu_tree if exists
Hibernate: drop table nbrevisit if exists
Hibernate: drop table profil if exists
Hibernate: drop table profil_menu_tree if exists
Hibernate: drop table usr_men if exists
Hibernate: drop table usr_men_tree if exists
Hibernate: drop table usr_profil_util if exists
Hibernate: drop table veh_av if exists
Hibernate: drop table vehicles if exists
Hibernate: drop sequence if exists booking_seq
Hibernate: drop sequence if exists vhs_seq
Hibernate: create sequence booking_seq start with 1 increment by 1
Hibernate: create sequence vhs_seq start with 1 increment by 1
Hibernate: create table actualite (act_code bigint not null, act_date date, act_liblt varchar(4000), act_liblt_en varchar(4000), act_text varchar(4000), act_text_en varchar(4000), img blob, version_number bigint, primary key (act_code))
Hibernate: create table booking (booking_id bigint not null, booking_email_confirmation bigint not null, booking_from_date date not null, booking_to_date date not null, cost double not null, fuel_fee bigint not null check (fuel_fee>=1), repair_fee bigint not null check (repair_fee>=1), gadget_id bigint, insurance_id bigint, vehicle_id bigint not null, primary key (booking_id))
Hibernate: create table brand (brand_id double not null, brand_name varchar(45) not null, category varchar(45) not null, model_name varchar(45) not null, primary key (brand_id))
Hibernate: create table cust_book (custumer_id decimal(22,0) not null, booking_id bigint not null, primary key (custumer_id, booking_id))
Hibernate: create table custumer (custumer_id decimal(22,0) not null, adress varchar(20) not null, city varchar(20) not null, contact_number decimal(22,0) not null, country varchar(20) not null, custumer_driving_id decimal(22,0) not null, custumer_first_name varchar(20) not null, custumer_second_name varchar(20) not null, email_adress varchar(30) not null, state varchar(20), zip_code decimal(22,0) not null, primary key (custumer_id))
Hibernate: create table gadget (gadget_id bigint not null, gad_type varchar(45) not null, primary key (gadget_id))
Hibernate: create table images_tbl (image_id bigint not null, image_blob blob, images_name varchar(1020) not null, object_version_number bigint not null, primary key (image_id))
Hibernate: create table insurance (insurance_id bigint not null, ins_type varchar(30) not null, primary key (insurance_id))
Hibernate: create table menu_tree (menu_id bigint not null, definition varchar(800), display_seq bigint, indic_menu bigint, menu_name varchar(400), menu_type varchar(4), page_trac varchar(1000), taskflow varchar(400), util_trac varchar(120), parent_menu_id bigint, primary key (menu_id))
Hibernate: create table nbrevisit (id_visit bigint not null, date_visit date, util varchar(40), primary key (id_visit))
Hibernate: create table profil (code_profil bigint not null, lib_profil varchar(800), page_trac varchar(1000), util_trac varchar(120), primary key (code_profil))
Hibernate: create table profil_menu_tree (code_profil bigint not null, menu_id bigint not null, del bigint, ins bigint, page_trac varchar(1000), upd bigint, util_trac varchar(120), primary key (code_profil, menu_id))
Hibernate: create table usr_men (util varchar(800) not null, date_crt date, date_deb date, date_fin date, idt_matag bigint not null, mail varchar(2000), nom varchar(400), prenom varchar(400), pwd varchar(4000), util_valid varchar(160), image_id bigint, primary key (util))
Hibernate: create table usr_men_tree (menu_id bigint not null, util varchar(120) not null, del boolean, ins boolean, page_trac varchar(1000), upd boolean, util_trac varchar(120), primary key (menu_id, util))
Hibernate: create table usr_profil_util (code_profil bigint not null, util varchar(120) not null, page_trac varchar(1000), util_trac varchar(120), primary key (code_profil, util))
Hibernate: create table veh_av (veh_av_id bigint not null, is_avail_from date, is_avail_until date, vehicle_id bigint not null, primary key (veh_av_id))
Hibernate: create table vehicles (vehicle_id bigint not null, car_engine_size double not null, price bigint not null check (price>=1000), vehicle_current_km bigint not null check (vehicle_current_km>=0), brand_id double not null, primary key (vehicle_id))
Hibernate: alter table booking add constraint FKtb7u1qqpyyavthmu2kxdjbx56 foreign key (gadget_id) references gadget
Hibernate: alter table booking add constraint FKm2xnwa8673p6i3yc3qu3gk632 foreign key (insurance_id) references insurance
Hibernate: alter table booking add constraint FK2wxa0adomjyhcxx7mtkspynpk foreign key (vehicle_id) references vehicles
Hibernate: alter table cust_book add constraint FKfva6glje9xqgqgd79g528o87o foreign key (booking_id) references booking
Hibernate: alter table cust_book add constraint FKfjviyelb6ltv29ejoceq3j6p6 foreign key (custumer_id) references custumer
Hibernate: alter table menu_tree add constraint FKi0l1ps0mf0p99b660t8jql6bu foreign key (parent_menu_id) references menu_tree
Hibernate: alter table profil_menu_tree add constraint FKjwbseljyy0rlma23328m4uqks foreign key (menu_id) references menu_tree
Hibernate: alter table profil_menu_tree add constraint FKcc0c89o5rjft0s2n8m2s9sbke foreign key (code_profil) references profil
Hibernate: alter table usr_men add constraint FKnsxouawyvqpxuof2e4uolotu6 foreign key (image_id) references images_tbl
Hibernate: alter table usr_men_tree add constraint FK1v7a5tw8gv1eumo7ert271xhk foreign key (menu_id) references menu_tree
Hibernate: alter table usr_men_tree add constraint FKqalc5rucfy1idevbdv8w95eqf foreign key (util) references usr_men
Hibernate: alter table usr_profil_util add constraint FK6oxkiewpw98k6tqdm0419gobq foreign key (code_profil) references profil
Hibernate: alter table usr_profil_util add constraint FKab4t2oounu4o5oj7n2prub5ii foreign key (util) references usr_men
Hibernate: alter table veh_av add constraint FKse5ldqyqwqohgj1fq7ydgf89u foreign key (vehicle_id) references vehicles
Hibernate: alter table vehicles add constraint FKk29rui2vdslsda92hsmyhyr31 foreign key (brand_id) references brand
2018-09-18 21:49:13.816  INFO 3260 --- [           main] org.hibernate.tool.hbm2ddl.SchemaExport  : HHH000230: Schema export complete
2018-09-18 21:49:13.834  WARN 3260 --- [           main] o.h.j.i.EntityManagerFactoryRegistry     : HHH000436: Entity manager factory name (default) is already registered.  If entity manager will be clustered or passivated, specify a unique value for property 'hibernate.ejb.entitymanager_factory_name'
2018-09-18 21:49:13.834  INFO 3260 --- [           main] j.LocalContainerEntityManagerFactoryBean : Initialized JPA EntityManagerFactory for persistence unit 'default'
2018-09-18 21:49:14.055  INFO 3260 --- [           main] o.h.h.i.QueryTranslatorFactoryInitiator  : HHH000397: Using ASTQueryTranslatorFactory
2018-09-18 21:49:14.299  INFO 3260 --- [           main] c.c.repository.VehiculesRepositoryTest   : Started VehiculesRepositoryTest in 1.482 seconds (JVM running for 17.445)
2018-09-18 21:49:14.338  INFO 3260 --- [           main] o.s.t.c.transaction.TransactionContext   : Began transaction (1) for test context [DefaultTestContext@7c16cc25 testClass = VehiculesRepositoryTest, testInstance = com.cars.repository.VehiculesRepositoryTest@4f96e484, testMethod = delete@VehiculesRepositoryTest, testException = [null], mergedContextConfiguration = [MergedContextConfiguration@6b61a4b0 testClass = VehiculesRepositoryTest, locations = '{}', classes = '{class com.cars.MyApplication}', contextInitializerClasses = '[]', activeProfiles = '{}', propertySourceLocations = '{}', propertySourceProperties = '{org.springframework.boot.test.context.SpringBootTestContextBootstrapper=true}', contextCustomizers = set[[ImportsContextCustomizer@5c00de0d key = [org.springframework.boot.autoconfigure.cache.CacheAutoConfiguration, org.springframework.boot.autoconfigure.data.jpa.JpaRepositoriesAutoConfiguration, org.springframework.boot.autoconfigure.flyway.FlywayAutoConfiguration, org.springframework.boot.autoconfigure.jdbc.DataSourceAutoConfiguration, org.springframework.boot.autoconfigure.jdbc.DataSourceTransactionManagerAutoConfiguration, org.springframework.boot.autoconfigure.jdbc.JdbcTemplateAutoConfiguration, org.springframework.boot.autoconfigure.liquibase.LiquibaseAutoConfiguration, org.springframework.boot.autoconfigure.orm.jpa.HibernateJpaAutoConfiguration, org.springframework.boot.autoconfigure.transaction.TransactionAutoConfiguration, org.springframework.boot.test.autoconfigure.jdbc.TestDatabaseAutoConfiguration, org.springframework.boot.test.autoconfigure.orm.jpa.TestEntityManagerAutoConfiguration]], org.springframework.boot.test.context.filter.ExcludeFilterContextCustomizer@192d3247, org.springframework.boot.test.json.DuplicateJsonObjectContextCustomizerFactory$DuplicateJsonObjectContextCustomizer@43bd930a, org.springframework.boot.test.mock.mockito.MockitoContextCustomizer@0, org.springframework.boot.test.autoconfigure.OverrideAutoConfigurationContextCustomizerFactory$DisableAutoConfigurationContextCustomizer@72f926e6, org.springframework.boot.test.autoconfigure.filter.TypeExcludeFiltersContextCustomizer@351584c0, org.springframework.boot.test.autoconfigure.properties.PropertyMappingContextCustomizer@de6f2234, org.springframework.boot.test.autoconfigure.web.servlet.WebDriverContextCustomizerFactory$Customizer@6ec8211c], contextLoader = 'org.springframework.boot.test.context.SpringBootContextLoader', parent = [null]]]; transaction manager [org.springframework.orm.jpa.JpaTransactionManager@5dfc7b3f]; rollback [true]
2018-09-18 21:49:14.399  INFO 3260 --- [           main] o.s.t.c.transaction.TransactionContext   : Rolled back transaction for test context [DefaultTestContext@7c16cc25 testClass = VehiculesRepositoryTest, testInstance = com.cars.repository.VehiculesRepositoryTest@4f96e484, testMethod = delete@VehiculesRepositoryTest, testException = javax.persistence.PersistenceException: org.hibernate.PersistentObjectException: detached entity passed to persist: com.cars.model.Vehicles, mergedContextConfiguration = [MergedContextConfiguration@6b61a4b0 testClass = VehiculesRepositoryTest, locations = '{}', classes = '{class com.cars.MyApplication}', contextInitializerClasses = '[]', activeProfiles = '{}', propertySourceLocations = '{}', propertySourceProperties = '{org.springframework.boot.test.context.SpringBootTestContextBootstrapper=true}', contextCustomizers = set[[ImportsContextCustomizer@5c00de0d key = [org.springframework.boot.autoconfigure.cache.CacheAutoConfiguration, org.springframework.boot.autoconfigure.data.jpa.JpaRepositoriesAutoConfiguration, org.springframework.boot.autoconfigure.flyway.FlywayAutoConfiguration, org.springframework.boot.autoconfigure.jdbc.DataSourceAutoConfiguration, org.springframework.boot.autoconfigure.jdbc.DataSourceTransactionManagerAutoConfiguration, org.springframework.boot.autoconfigure.jdbc.JdbcTemplateAutoConfiguration, org.springframework.boot.autoconfigure.liquibase.LiquibaseAutoConfiguration, org.springframework.boot.autoconfigure.orm.jpa.HibernateJpaAutoConfiguration, org.springframework.boot.autoconfigure.transaction.TransactionAutoConfiguration, org.springframework.boot.test.autoconfigure.jdbc.TestDatabaseAutoConfiguration, org.springframework.boot.test.autoconfigure.orm.jpa.TestEntityManagerAutoConfiguration]], org.springframework.boot.test.context.filter.ExcludeFilterContextCustomizer@192d3247, org.springframework.boot.test.json.DuplicateJsonObjectContextCustomizerFactory$DuplicateJsonObjectContextCustomizer@43bd930a, org.springframework.boot.test.mock.mockito.MockitoContextCustomizer@0, org.springframework.boot.test.autoconfigure.OverrideAutoConfigurationContextCustomizerFactory$DisableAutoConfigurationContextCustomizer@72f926e6, org.springframework.boot.test.autoconfigure.filter.TypeExcludeFiltersContextCustomizer@351584c0, org.springframework.boot.test.autoconfigure.properties.PropertyMappingContextCustomizer@de6f2234, org.springframework.boot.test.autoconfigure.web.servlet.WebDriverContextCustomizerFactory$Customizer@6ec8211c], contextLoader = 'org.springframework.boot.test.context.SpringBootContextLoader', parent = [null]]].
]]></system-out>
  </testcase>
  <testcase name="modify" classname="com.cars.repository.VehiculesRepositoryTest" time="0.015">
    <error message="org.hibernate.PersistentObjectException: detached entity passed to persist: com.cars.model.Vehicles" type="javax.persistence.PersistenceException">javax.persistence.PersistenceException: org.hibernate.PersistentObjectException: detached entity passed to persist: com.cars.model.Vehicles
	at org.hibernate.event.internal.DefaultPersistEventListener.onPersist(DefaultPersistEventListener.java:124)
	at org.hibernate.event.internal.DefaultPersistEventListener.onPersist(DefaultPersistEventListener.java:58)
	at org.hibernate.internal.SessionImpl.firePersist(SessionImpl.java:775)
	at org.hibernate.internal.SessionImpl.persist(SessionImpl.java:748)
	at org.hibernate.internal.SessionImpl.persist(SessionImpl.java:753)
	at org.hibernate.jpa.spi.AbstractEntityManagerImpl.persist(AbstractEntityManagerImpl.java:1146)
	at org.springframework.boot.test.autoconfigure.orm.jpa.TestEntityManager.persist(TestEntityManager.java:93)
	at com.cars.repository.VehiculesRepositoryTest.modify(VehiculesRepositoryTest.java:89)
</error>
    <system-out><![CDATA[2018-09-18 21:49:14.425  INFO 3260 --- [           main] o.s.t.c.transaction.TransactionContext   : Began transaction (1) for test context [DefaultTestContext@7c16cc25 testClass = VehiculesRepositoryTest, testInstance = com.cars.repository.VehiculesRepositoryTest@402adc9c, testMethod = modify@VehiculesRepositoryTest, testException = [null], mergedContextConfiguration = [MergedContextConfiguration@6b61a4b0 testClass = VehiculesRepositoryTest, locations = '{}', classes = '{class com.cars.MyApplication}', contextInitializerClasses = '[]', activeProfiles = '{}', propertySourceLocations = '{}', propertySourceProperties = '{org.springframework.boot.test.context.SpringBootTestContextBootstrapper=true}', contextCustomizers = set[[ImportsContextCustomizer@5c00de0d key = [org.springframework.boot.autoconfigure.cache.CacheAutoConfiguration, org.springframework.boot.autoconfigure.data.jpa.JpaRepositoriesAutoConfiguration, org.springframework.boot.autoconfigure.flyway.FlywayAutoConfiguration, org.springframework.boot.autoconfigure.jdbc.DataSourceAutoConfiguration, org.springframework.boot.autoconfigure.jdbc.DataSourceTransactionManagerAutoConfiguration, org.springframework.boot.autoconfigure.jdbc.JdbcTemplateAutoConfiguration, org.springframework.boot.autoconfigure.liquibase.LiquibaseAutoConfiguration, org.springframework.boot.autoconfigure.orm.jpa.HibernateJpaAutoConfiguration, org.springframework.boot.autoconfigure.transaction.TransactionAutoConfiguration, org.springframework.boot.test.autoconfigure.jdbc.TestDatabaseAutoConfiguration, org.springframework.boot.test.autoconfigure.orm.jpa.TestEntityManagerAutoConfiguration]], org.springframework.boot.test.context.filter.ExcludeFilterContextCustomizer@192d3247, org.springframework.boot.test.json.DuplicateJsonObjectContextCustomizerFactory$DuplicateJsonObjectContextCustomizer@43bd930a, org.springframework.boot.test.mock.mockito.MockitoContextCustomizer@0, org.springframework.boot.test.autoconfigure.OverrideAutoConfigurationContextCustomizerFactory$DisableAutoConfigurationContextCustomizer@72f926e6, org.springframework.boot.test.autoconfigure.filter.TypeExcludeFiltersContextCustomizer@351584c0, org.springframework.boot.test.autoconfigure.properties.PropertyMappingContextCustomizer@de6f2234, org.springframework.boot.test.autoconfigure.web.servlet.WebDriverContextCustomizerFactory$Customizer@6ec8211c], contextLoader = 'org.springframework.boot.test.context.SpringBootContextLoader', parent = [null]]]; transaction manager [org.springframework.orm.jpa.JpaTransactionManager@5dfc7b3f]; rollback [true]
2018-09-18 21:49:14.436  INFO 3260 --- [           main] o.s.t.c.transaction.TransactionContext   : Rolled back transaction for test context [DefaultTestContext@7c16cc25 testClass = VehiculesRepositoryTest, testInstance = com.cars.repository.VehiculesRepositoryTest@402adc9c, testMethod = modify@VehiculesRepositoryTest, testException = javax.persistence.PersistenceException: org.hibernate.PersistentObjectException: detached entity passed to persist: com.cars.model.Vehicles, mergedContextConfiguration = [MergedContextConfiguration@6b61a4b0 testClass = VehiculesRepositoryTest, locations = '{}', classes = '{class com.cars.MyApplication}', contextInitializerClasses = '[]', activeProfiles = '{}', propertySourceLocations = '{}', propertySourceProperties = '{org.springframework.boot.test.context.SpringBootTestContextBootstrapper=true}', contextCustomizers = set[[ImportsContextCustomizer@5c00de0d key = [org.springframework.boot.autoconfigure.cache.CacheAutoConfiguration, org.springframework.boot.autoconfigure.data.jpa.JpaRepositoriesAutoConfiguration, org.springframework.boot.autoconfigure.flyway.FlywayAutoConfiguration, org.springframework.boot.autoconfigure.jdbc.DataSourceAutoConfiguration, org.springframework.boot.autoconfigure.jdbc.DataSourceTransactionManagerAutoConfiguration, org.springframework.boot.autoconfigure.jdbc.JdbcTemplateAutoConfiguration, org.springframework.boot.autoconfigure.liquibase.LiquibaseAutoConfiguration, org.springframework.boot.autoconfigure.orm.jpa.HibernateJpaAutoConfiguration, org.springframework.boot.autoconfigure.transaction.TransactionAutoConfiguration, org.springframework.boot.test.autoconfigure.jdbc.TestDatabaseAutoConfiguration, org.springframework.boot.test.autoconfigure.orm.jpa.TestEntityManagerAutoConfiguration]], org.springframework.boot.test.context.filter.ExcludeFilterContextCustomizer@192d3247, org.springframework.boot.test.json.DuplicateJsonObjectContextCustomizerFactory$DuplicateJsonObjectContextCustomizer@43bd930a, org.springframework.boot.test.mock.mockito.MockitoContextCustomizer@0, org.springframework.boot.test.autoconfigure.OverrideAutoConfigurationContextCustomizerFactory$DisableAutoConfigurationContextCustomizer@72f926e6, org.springframework.boot.test.autoconfigure.filter.TypeExcludeFiltersContextCustomizer@351584c0, org.springframework.boot.test.autoconfigure.properties.PropertyMappingContextCustomizer@de6f2234, org.springframework.boot.test.autoconfigure.web.servlet.WebDriverContextCustomizerFactory$Customizer@6ec8211c], contextLoader = 'org.springframework.boot.test.context.SpringBootContextLoader', parent = [null]]].
]]></system-out>
  </testcase>
  <testcase name="findAll" classname="com.cars.repository.VehiculesRepositoryTest" time="0.012">
    <error message="org.hibernate.PersistentObjectException: detached entity passed to persist: com.cars.model.Vehicles" type="javax.persistence.PersistenceException">javax.persistence.PersistenceException: org.hibernate.PersistentObjectException: detached entity passed to persist: com.cars.model.Vehicles
	at org.hibernate.event.internal.DefaultPersistEventListener.onPersist(DefaultPersistEventListener.java:124)
	at org.hibernate.event.internal.DefaultPersistEventListener.onPersist(DefaultPersistEventListener.java:58)
	at org.hibernate.internal.SessionImpl.firePersist(SessionImpl.java:775)
	at org.hibernate.internal.SessionImpl.persist(SessionImpl.java:748)
	at org.hibernate.internal.SessionImpl.persist(SessionImpl.java:753)
	at org.hibernate.jpa.spi.AbstractEntityManagerImpl.persist(AbstractEntityManagerImpl.java:1146)
	at org.springframework.boot.test.autoconfigure.orm.jpa.TestEntityManager.persist(TestEntityManager.java:93)
	at com.cars.repository.VehiculesRepositoryTest.findAll(VehiculesRepositoryTest.java:63)
</error>
    <system-out><![CDATA[2018-09-18 21:49:14.442  INFO 3260 --- [           main] o.s.t.c.transaction.TransactionContext   : Began transaction (1) for test context [DefaultTestContext@7c16cc25 testClass = VehiculesRepositoryTest, testInstance = com.cars.repository.VehiculesRepositoryTest@2b8f5aa4, testMethod = findAll@VehiculesRepositoryTest, testException = [null], mergedContextConfiguration = [MergedContextConfiguration@6b61a4b0 testClass = VehiculesRepositoryTest, locations = '{}', classes = '{class com.cars.MyApplication}', contextInitializerClasses = '[]', activeProfiles = '{}', propertySourceLocations = '{}', propertySourceProperties = '{org.springframework.boot.test.context.SpringBootTestContextBootstrapper=true}', contextCustomizers = set[[ImportsContextCustomizer@5c00de0d key = [org.springframework.boot.autoconfigure.cache.CacheAutoConfiguration, org.springframework.boot.autoconfigure.data.jpa.JpaRepositoriesAutoConfiguration, org.springframework.boot.autoconfigure.flyway.FlywayAutoConfiguration, org.springframework.boot.autoconfigure.jdbc.DataSourceAutoConfiguration, org.springframework.boot.autoconfigure.jdbc.DataSourceTransactionManagerAutoConfiguration, org.springframework.boot.autoconfigure.jdbc.JdbcTemplateAutoConfiguration, org.springframework.boot.autoconfigure.liquibase.LiquibaseAutoConfiguration, org.springframework.boot.autoconfigure.orm.jpa.HibernateJpaAutoConfiguration, org.springframework.boot.autoconfigure.transaction.TransactionAutoConfiguration, org.springframework.boot.test.autoconfigure.jdbc.TestDatabaseAutoConfiguration, org.springframework.boot.test.autoconfigure.orm.jpa.TestEntityManagerAutoConfiguration]], org.springframework.boot.test.context.filter.ExcludeFilterContextCustomizer@192d3247, org.springframework.boot.test.json.DuplicateJsonObjectContextCustomizerFactory$DuplicateJsonObjectContextCustomizer@43bd930a, org.springframework.boot.test.mock.mockito.MockitoContextCustomizer@0, org.springframework.boot.test.autoconfigure.OverrideAutoConfigurationContextCustomizerFactory$DisableAutoConfigurationContextCustomizer@72f926e6, org.springframework.boot.test.autoconfigure.filter.TypeExcludeFiltersContextCustomizer@351584c0, org.springframework.boot.test.autoconfigure.properties.PropertyMappingContextCustomizer@de6f2234, org.springframework.boot.test.autoconfigure.web.servlet.WebDriverContextCustomizerFactory$Customizer@6ec8211c], contextLoader = 'org.springframework.boot.test.context.SpringBootContextLoader', parent = [null]]]; transaction manager [org.springframework.orm.jpa.JpaTransactionManager@5dfc7b3f]; rollback [true]
2018-09-18 21:49:14.451  INFO 3260 --- [           main] o.s.t.c.transaction.TransactionContext   : Rolled back transaction for test context [DefaultTestContext@7c16cc25 testClass = VehiculesRepositoryTest, testInstance = com.cars.repository.VehiculesRepositoryTest@2b8f5aa4, testMethod = findAll@VehiculesRepositoryTest, testException = javax.persistence.PersistenceException: org.hibernate.PersistentObjectException: detached entity passed to persist: com.cars.model.Vehicles, mergedContextConfiguration = [MergedContextConfiguration@6b61a4b0 testClass = VehiculesRepositoryTest, locations = '{}', classes = '{class com.cars.MyApplication}', contextInitializerClasses = '[]', activeProfiles = '{}', propertySourceLocations = '{}', propertySourceProperties = '{org.springframework.boot.test.context.SpringBootTestContextBootstrapper=true}', contextCustomizers = set[[ImportsContextCustomizer@5c00de0d key = [org.springframework.boot.autoconfigure.cache.CacheAutoConfiguration, org.springframework.boot.autoconfigure.data.jpa.JpaRepositoriesAutoConfiguration, org.springframework.boot.autoconfigure.flyway.FlywayAutoConfiguration, org.springframework.boot.autoconfigure.jdbc.DataSourceAutoConfiguration, org.springframework.boot.autoconfigure.jdbc.DataSourceTransactionManagerAutoConfiguration, org.springframework.boot.autoconfigure.jdbc.JdbcTemplateAutoConfiguration, org.springframework.boot.autoconfigure.liquibase.LiquibaseAutoConfiguration, org.springframework.boot.autoconfigure.orm.jpa.HibernateJpaAutoConfiguration, org.springframework.boot.autoconfigure.transaction.TransactionAutoConfiguration, org.springframework.boot.test.autoconfigure.jdbc.TestDatabaseAutoConfiguration, org.springframework.boot.test.autoconfigure.orm.jpa.TestEntityManagerAutoConfiguration]], org.springframework.boot.test.context.filter.ExcludeFilterContextCustomizer@192d3247, org.springframework.boot.test.json.DuplicateJsonObjectContextCustomizerFactory$DuplicateJsonObjectContextCustomizer@43bd930a, org.springframework.boot.test.mock.mockito.MockitoContextCustomizer@0, org.springframework.boot.test.autoconfigure.OverrideAutoConfigurationContextCustomizerFactory$DisableAutoConfigurationContextCustomizer@72f926e6, org.springframework.boot.test.autoconfigure.filter.TypeExcludeFiltersContextCustomizer@351584c0, org.springframework.boot.test.autoconfigure.properties.PropertyMappingContextCustomizer@de6f2234, org.springframework.boot.test.autoconfigure.web.servlet.WebDriverContextCustomizerFactory$Customizer@6ec8211c], contextLoader = 'org.springframework.boot.test.context.SpringBootContextLoader', parent = [null]]].
]]></system-out>
  </testcase>
  <testcase name="findOne" classname="com.cars.repository.VehiculesRepositoryTest" time="0.026">
    <error message="org.hibernate.PersistentObjectException: detached entity passed to persist: com.cars.model.Vehicles" type="javax.persistence.PersistenceException">javax.persistence.PersistenceException: org.hibernate.PersistentObjectException: detached entity passed to persist: com.cars.model.Vehicles
	at org.hibernate.event.internal.DefaultPersistEventListener.onPersist(DefaultPersistEventListener.java:124)
	at org.hibernate.event.internal.DefaultPersistEventListener.onPersist(DefaultPersistEventListener.java:58)
	at org.hibernate.internal.SessionImpl.firePersist(SessionImpl.java:775)
	at org.hibernate.internal.SessionImpl.persist(SessionImpl.java:748)
	at org.hibernate.internal.SessionImpl.persist(SessionImpl.java:753)
	at org.hibernate.jpa.spi.AbstractEntityManagerImpl.persist(AbstractEntityManagerImpl.java:1146)
	at org.springframework.boot.test.autoconfigure.orm.jpa.TestEntityManager.persist(TestEntityManager.java:93)
	at com.cars.repository.VehiculesRepositoryTest.findOne(VehiculesRepositoryTest.java:36)
</error>
    <system-out><![CDATA[2018-09-18 21:49:14.459  INFO 3260 --- [           main] o.s.t.c.transaction.TransactionContext   : Began transaction (1) for test context [DefaultTestContext@7c16cc25 testClass = VehiculesRepositoryTest, testInstance = com.cars.repository.VehiculesRepositoryTest@72ea5674, testMethod = findOne@VehiculesRepositoryTest, testException = [null], mergedContextConfiguration = [MergedContextConfiguration@6b61a4b0 testClass = VehiculesRepositoryTest, locations = '{}', classes = '{class com.cars.MyApplication}', contextInitializerClasses = '[]', activeProfiles = '{}', propertySourceLocations = '{}', propertySourceProperties = '{org.springframework.boot.test.context.SpringBootTestContextBootstrapper=true}', contextCustomizers = set[[ImportsContextCustomizer@5c00de0d key = [org.springframework.boot.autoconfigure.cache.CacheAutoConfiguration, org.springframework.boot.autoconfigure.data.jpa.JpaRepositoriesAutoConfiguration, org.springframework.boot.autoconfigure.flyway.FlywayAutoConfiguration, org.springframework.boot.autoconfigure.jdbc.DataSourceAutoConfiguration, org.springframework.boot.autoconfigure.jdbc.DataSourceTransactionManagerAutoConfiguration, org.springframework.boot.autoconfigure.jdbc.JdbcTemplateAutoConfiguration, org.springframework.boot.autoconfigure.liquibase.LiquibaseAutoConfiguration, org.springframework.boot.autoconfigure.orm.jpa.HibernateJpaAutoConfiguration, org.springframework.boot.autoconfigure.transaction.TransactionAutoConfiguration, org.springframework.boot.test.autoconfigure.jdbc.TestDatabaseAutoConfiguration, org.springframework.boot.test.autoconfigure.orm.jpa.TestEntityManagerAutoConfiguration]], org.springframework.boot.test.context.filter.ExcludeFilterContextCustomizer@192d3247, org.springframework.boot.test.json.DuplicateJsonObjectContextCustomizerFactory$DuplicateJsonObjectContextCustomizer@43bd930a, org.springframework.boot.test.mock.mockito.MockitoContextCustomizer@0, org.springframework.boot.test.autoconfigure.OverrideAutoConfigurationContextCustomizerFactory$DisableAutoConfigurationContextCustomizer@72f926e6, org.springframework.boot.test.autoconfigure.filter.TypeExcludeFiltersContextCustomizer@351584c0, org.springframework.boot.test.autoconfigure.properties.PropertyMappingContextCustomizer@de6f2234, org.springframework.boot.test.autoconfigure.web.servlet.WebDriverContextCustomizerFactory$Customizer@6ec8211c], contextLoader = 'org.springframework.boot.test.context.SpringBootContextLoader', parent = [null]]]; transaction manager [org.springframework.orm.jpa.JpaTransactionManager@5dfc7b3f]; rollback [true]
2018-09-18 21:49:14.474  INFO 3260 --- [           main] o.s.t.c.transaction.TransactionContext   : Rolled back transaction for test context [DefaultTestContext@7c16cc25 testClass = VehiculesRepositoryTest, testInstance = com.cars.repository.VehiculesRepositoryTest@72ea5674, testMethod = findOne@VehiculesRepositoryTest, testException = javax.persistence.PersistenceException: org.hibernate.PersistentObjectException: detached entity passed to persist: com.cars.model.Vehicles, mergedContextConfiguration = [MergedContextConfiguration@6b61a4b0 testClass = VehiculesRepositoryTest, locations = '{}', classes = '{class com.cars.MyApplication}', contextInitializerClasses = '[]', activeProfiles = '{}', propertySourceLocations = '{}', propertySourceProperties = '{org.springframework.boot.test.context.SpringBootTestContextBootstrapper=true}', contextCustomizers = set[[ImportsContextCustomizer@5c00de0d key = [org.springframework.boot.autoconfigure.cache.CacheAutoConfiguration, org.springframework.boot.autoconfigure.data.jpa.JpaRepositoriesAutoConfiguration, org.springframework.boot.autoconfigure.flyway.FlywayAutoConfiguration, org.springframework.boot.autoconfigure.jdbc.DataSourceAutoConfiguration, org.springframework.boot.autoconfigure.jdbc.DataSourceTransactionManagerAutoConfiguration, org.springframework.boot.autoconfigure.jdbc.JdbcTemplateAutoConfiguration, org.springframework.boot.autoconfigure.liquibase.LiquibaseAutoConfiguration, org.springframework.boot.autoconfigure.orm.jpa.HibernateJpaAutoConfiguration, org.springframework.boot.autoconfigure.transaction.TransactionAutoConfiguration, org.springframework.boot.test.autoconfigure.jdbc.TestDatabaseAutoConfiguration, org.springframework.boot.test.autoconfigure.orm.jpa.TestEntityManagerAutoConfiguration]], org.springframework.boot.test.context.filter.ExcludeFilterContextCustomizer@192d3247, org.springframework.boot.test.json.DuplicateJsonObjectContextCustomizerFactory$DuplicateJsonObjectContextCustomizer@43bd930a, org.springframework.boot.test.mock.mockito.MockitoContextCustomizer@0, org.springframework.boot.test.autoconfigure.OverrideAutoConfigurationContextCustomizerFactory$DisableAutoConfigurationContextCustomizer@72f926e6, org.springframework.boot.test.autoconfigure.filter.TypeExcludeFiltersContextCustomizer@351584c0, org.springframework.boot.test.autoconfigure.properties.PropertyMappingContextCustomizer@de6f2234, org.springframework.boot.test.autoconfigure.web.servlet.WebDriverContextCustomizerFactory$Customizer@6ec8211c], contextLoader = 'org.springframework.boot.test.context.SpringBootContextLoader', parent = [null]]].
]]></system-out>
  </testcase>
  <testcase name="save" classname="com.cars.repository.VehiculesRepositoryTest" time="0.082"/>
</testsuite>